[debug] [2024-02-10T16:09:04.853Z] ----------------------------------------------------------------------
[debug] [2024-02-10T16:09:04.857Z] Command:       C:\Program Files\nodejs\node.exe C:\Users\Ram\AppData\Roaming\npm\node_modules\firebase-tools\lib\bin\firebase.js init
[debug] [2024-02-10T16:09:04.857Z] CLI Version:   13.2.1
[debug] [2024-02-10T16:09:04.858Z] Platform:      win32
[debug] [2024-02-10T16:09:04.858Z] Node Version:  v20.11.0
[debug] [2024-02-10T16:09:04.858Z] Time:          Sat Feb 10 2024 21:39:04 GMT+0530 (India Standard Time)
[debug] [2024-02-10T16:09:04.858Z] ----------------------------------------------------------------------
[debug] 
[debug] [2024-02-10T16:09:04.868Z] > command requires scopes: ["email","openid","https://www.googleapis.com/auth/cloudplatformprojects.readonly","https://www.googleapis.com/auth/firebase","https://www.googleapis.com/auth/cloud-platform"]
[debug] [2024-02-10T16:09:04.868Z] > authorizing via signed-in user (balwantgaur7@gmail.com)
[info] 
     ######## #### ########  ######## ########     ###     ######  ########
     ##        ##  ##     ## ##       ##     ##  ##   ##  ##       ##
     ######    ##  ########  ######   ########  #########  ######  ######
     ##        ##  ##    ##  ##       ##     ## ##     ##       ## ##
     ##       #### ##     ## ######## ########  ##     ##  ######  ########

You're about to initialize a Firebase project in this directory:

  C:\Users\Ram\Desktop\InstaLogin\demo

[info] 
=== Project Setup
[info] 
[info] First, let's associate this project directory with a Firebase project.
[info] You can create multiple project aliases by running firebase use --add, 
[info] but for now we'll just set up a default project.
[info] 
[debug] [2024-02-10T16:09:38.424Z] >>> [apiv2][query] GET https://firebase.googleapis.com/v1beta1/projects pageSize=100
[debug] [2024-02-10T16:09:39.994Z] <<< [apiv2][status] GET https://firebase.googleapis.com/v1beta1/projects 200
[debug] [2024-02-10T16:09:39.994Z] <<< [apiv2][body] GET https://firebase.googleapis.com/v1beta1/projects [omitted]
[info] i  Using project instapassword-da5d6 (InstaPassword) 
[info] 
=== Database Setup
[info] i  database: ensuring required API firebasedatabase.googleapis.com is enabled... 
[debug] [2024-02-10T16:09:44.305Z] >>> [apiv2][query] GET https://serviceusage.googleapis.com/v1/projects/instapassword-da5d6/services/firebasedatabase.googleapis.com [none]
[debug] [2024-02-10T16:09:44.305Z] >>> [apiv2][(partial)header] GET https://serviceusage.googleapis.com/v1/projects/instapassword-da5d6/services/firebasedatabase.googleapis.com x-goog-quota-user=projects/instapassword-da5d6
[debug] [2024-02-10T16:09:47.918Z] <<< [apiv2][status] GET https://serviceusage.googleapis.com/v1/projects/instapassword-da5d6/services/firebasedatabase.googleapis.com 200
[debug] [2024-02-10T16:09:47.918Z] <<< [apiv2][body] GET https://serviceusage.googleapis.com/v1/projects/instapassword-da5d6/services/firebasedatabase.googleapis.com [omitted]
[info] +  database: required API firebasedatabase.googleapis.com is enabled 
[info] 
[debug] [2024-02-10T16:09:47.920Z] >>> [apiv2][query] GET https://firebasedatabase.googleapis.com/v1beta/projects/instapassword-da5d6/locations/-/instances/instapassword-da5d6-default-rtdb [none]
[debug] [2024-02-10T16:09:50.181Z] <<< [apiv2][status] GET https://firebasedatabase.googleapis.com/v1beta/projects/instapassword-da5d6/locations/-/instances/instapassword-da5d6-default-rtdb 200
[debug] [2024-02-10T16:09:50.182Z] <<< [apiv2][body] GET https://firebasedatabase.googleapis.com/v1beta/projects/instapassword-da5d6/locations/-/instances/instapassword-da5d6-default-rtdb {"name":"projects/1023493253896/locations/asia-southeast1/instances/instapassword-da5d6-default-rtdb","project":"projects/1023493253896","databaseUrl":"https://instapassword-da5d6-default-rtdb.asia-southeast1.firebasedatabase.app","type":"DEFAULT_DATABASE","state":"ACTIVE"}
[info] 
[info] Firebase Realtime Database Security Rules allow you to define how your data should be
[info] structured and when your data can be read from and written to.
[info] 
[debug] [2024-02-10T16:09:56.274Z] >>> [apiv2][query] GET https://instapassword-da5d6-default-rtdb.asia-southeast1.firebasedatabase.app/.settings/rules.json [none]
[debug] [2024-02-10T16:09:56.800Z] <<< [apiv2][status] GET https://instapassword-da5d6-default-rtdb.asia-southeast1.firebasedatabase.app/.settings/rules.json 200
[debug] [2024-02-10T16:09:56.800Z] <<< [apiv2][body] GET https://instapassword-da5d6-default-rtdb.asia-southeast1.firebasedatabase.app/.settings/rules.json [stream]
[info] +  Database Rules for instapassword-da5d6-default-rtdb have been written to database.rules.json. 
[info] Future modifications to database.rules.json will update Realtime Database Security Rules when you run
[info] firebase deploy.
[info] 
=== Hosting Setup
[debug] [2024-02-10T16:09:56.814Z] >>> [apiv2][query] GET https://firebase.googleapis.com/v1beta1/projects/instapassword-da5d6 [none]
[debug] [2024-02-10T16:09:57.554Z] <<< [apiv2][status] GET https://firebase.googleapis.com/v1beta1/projects/instapassword-da5d6 200
[debug] [2024-02-10T16:09:57.554Z] <<< [apiv2][body] GET https://firebase.googleapis.com/v1beta1/projects/instapassword-da5d6 {"projectId":"instapassword-da5d6","projectNumber":"1023493253896","displayName":"InstaPassword","name":"projects/instapassword-da5d6","resources":{"hostingSite":"instapassword-da5d6","realtimeDatabaseInstance":"instapassword-da5d6-default-rtdb"},"state":"ACTIVE","etag":"1_e728696d-bc50-4e26-9110-c65b65cf0303"}
[info] 
[info] Your public directory is the folder (relative to your project directory) that
[info] will contain Hosting assets to be uploaded with firebase deploy. If you
[info] have a build process for your assets, use your build's output directory.
[info] 
[info] +  Wrote public/404.html 
[debug] [2024-02-10T16:10:13.405Z] >>> [apiv2][query] GET https://www.gstatic.com/firebasejs/releases.json [none]
[debug] [2024-02-10T16:10:13.783Z] <<< [apiv2][status] GET https://www.gstatic.com/firebasejs/releases.json 200
[debug] [2024-02-10T16:10:13.785Z] <<< [apiv2][body] GET https://www.gstatic.com/firebasejs/releases.json {"current":{"version":"10.8.0","browserURL":"https://www.gstatic.com/firebasejs/10.8.0/firebase.js","packageURL":"https://www.gstatic.com/firebasejs/10.8.0/firebase.tgz"},"live":{"version":"10.8","browserURL":"https://www.gstatic.com/firebasejs/live/10.8/firebase.js","packageURL":"https://www.gstatic.com/firebasejs/live/10.8/firebase.tgz"},"components":{"analytics":"https://www.gstatic.com/firebasejs/10.8.0/firebase-analytics.js","app":"https://www.gstatic.com/firebasejs/10.8.0/firebase-app.js","app-check":"https://www.gstatic.com/firebasejs/10.8.0/firebase-app-check.js","auth":"https://www.gstatic.com/firebasejs/10.8.0/firebase-auth.js","auth/cordova":"https://www.gstatic.com/firebasejs/10.8.0/firebase-auth/cordova.js","auth/web-extension":"https://www.gstatic.com/firebasejs/10.8.0/firebase-auth/web-extension.js","functions":"https://www.gstatic.com/firebasejs/10.8.0/firebase-functions.js","firestore":"https://www.gstatic.com/firebasejs/10.8.0/firebase-firestore.js","firestore/lite":"https://www.gstatic.com/firebasejs/10.8.0/firebase-firestore/lite.js","installations":"https://www.gstatic.com/firebasejs/10.8.0/firebase-installations.js","storage":"https://www.gstatic.com/firebasejs/10.8.0/firebase-storage.js","performance":"https://www.gstatic.com/firebasejs/10.8.0/firebase-performance.js","remote-config":"https://www.gstatic.com/firebasejs/10.8.0/firebase-remote-config.js","messaging":"https://www.gstatic.com/firebasejs/10.8.0/firebase-messaging.js","messaging/sw":"https://www.gstatic.com/firebasejs/10.8.0/firebase-messaging/sw.js","database":"https://www.gstatic.com/firebasejs/10.8.0/firebase-database.js","firestore.memory":"https://www.gstatic.com/firebasejs/10.8.0/firebase-firestore.memory.js"}}
[info] i  Skipping write of public/index.html 
[info] 
[info] i  Didn't detect a .git folder. Assuming C:\Users\Ram\Desktop\InstaLogin\demo is the project root. 
[info] i  Authorizing with GitHub to upload your service account to a GitHub repository's secrets store. 
[info] 
[info] Visit this URL on this device to log in:
[info] https://github.com/login/oauth/authorize?client_id=89cf50f02ac6aaed3484&state=798291621&redirect_uri=http%3A%2F%2Flocalhost%3A9005&scope=read%3Auser%20repo%20public_repo
[info] 
[info] Waiting for authentication...
